/home/tat/.local/lib/python2.7/site-packages/locust/rpc/__init__.py:6: UserWarning: WARNING: Using pure Python socket RPC implementation instead of zmq. If running in distributed mode, this could cause a performance decrease. We recommend you to install the pyzmq python package when running in distributed mode.
  warnings.warn("WARNING: Using pure Python socket RPC implementation instead of zmq. If running in distributed mode, this could cause a performance decrease. We recommend you to install the pyzmq python package when running in distributed mode.")
 Name                                                          # reqs      # fails     Avg     Min     Max  |  Median   req/s
--------------------------------------------------------------------------------------------------------------------------------------------
 POST /api/v1/found-prices                                      18351     0(0.00%)      67       5     877  |      47   50.70
 POST /api/v1/shops                                             24340     0(0.00%)      41       4     717  |      25   72.90
 GET /api/v1/shops?location=Berazategui                         12128     0(0.00%)      33       3     788  |      16   31.40
 GET /api/v1/shops?location=Bernal                              12156     0(0.00%)      31       3     765  |      16   37.00
 GET /api/v1/shops?location=Lanus                               12366     0(0.00%)      33       3     717  |      16   34.70
--------------------------------------------------------------------------------------------------------------------------------------------
 Total                                                          79341     0(0.00%)                                     226.70

Percentage of the requests completed within given times
 Name                                                           # reqs    50%    66%    75%    80%    90%    95%    98%    99%   100%
--------------------------------------------------------------------------------------------------------------------------------------------
 POST /api/v1/found-prices                                       18351     47     64     81     96    140    190    270    320    877
 POST /api/v1/shops                                              24340     25     37     49     58     98    140    210    260    717
 GET /api/v1/shops?location=Berazategui                          12128     16     26     37     46     84    120    180    230    788
 GET /api/v1/shops?location=Bernal                               12156     16     26     35     44     78    120    180    220    765
 GET /api/v1/shops?location=Lanus                                12366     16     26     37     47     86    130    180    230    717
--------------------------------------------------------------------------------------------------------------------------------------------

