/home/tat/.local/lib/python2.7/site-packages/locust/rpc/__init__.py:6: UserWarning: WARNING: Using pure Python socket RPC implementation instead of zmq. If running in distributed mode, this could cause a performance decrease. We recommend you to install the pyzmq python package when running in distributed mode.
  warnings.warn("WARNING: Using pure Python socket RPC implementation instead of zmq. If running in distributed mode, this could cause a performance decrease. We recommend you to install the pyzmq python package when running in distributed mode.")
 Name                                                          # reqs      # fails     Avg     Min     Max  |  Median   req/s
--------------------------------------------------------------------------------------------------------------------------------------------
 POST /api/v1/found-prices                                      24703     0(0.00%)      73       4     716  |      50   67.80
 POST /api/v1/shops                                              6217     0(0.00%)      35       4     593  |      17   17.20
 GET /api/v1/shops?location=Berazategui                         12296     0(0.00%)      30       3     539  |      13   34.20
 GET /api/v1/shops?location=Bernal                              12284     0(0.00%)      29       3     529  |      13   35.90
 GET /api/v1/shops?location=Lanus                               12397     0(0.00%)      29       3     530  |      13   33.80
--------------------------------------------------------------------------------------------------------------------------------------------
 Total                                                          67897     0(0.00%)                                     188.90

Percentage of the requests completed within given times
 Name                                                           # reqs    50%    66%    75%    80%    90%    95%    98%    99%   100%
--------------------------------------------------------------------------------------------------------------------------------------------
 POST /api/v1/found-prices                                       24703     50     77     98    110    160    210    280    350    716
 POST /api/v1/shops                                               6217     17     27     38     48     82    130    210    300    593
 GET /api/v1/shops?location=Berazategui                          12296     13     22     32     40     75    120    180    250    539
 GET /api/v1/shops?location=Bernal                               12284     13     21     30     38     70    110    170    230    529
 GET /api/v1/shops?location=Lanus                                12397     13     22     31     39     74    120    180    230    530
--------------------------------------------------------------------------------------------------------------------------------------------

